2018-01-17 18:54:21,166 [5] DEBUG Gradual.OMS.Library.Servicos.ServicoHost - CarregarConfig(): Carregando configuracoes para (Desenvolvimento)
2018-01-17 18:54:21,172 [5] INFO  Gradual.OMS.Library.Servicos.ServicoHost - *** Todos os serviços parados ***
2018-01-17 18:54:21,241 [5] INFO  Gradual.OMS.Library.Servicos.ServicoHost - WCF Base Address: System.Collections.Generic.List`1[System.String]
2018-01-17 18:54:21,241 [5] INFO  Gradual.OMS.Library.Servicos.ServicoHost - MEX Base Address: 
2018-01-17 18:54:21,241 [5] INFO  Gradual.OMS.Library.Servicos.ServicoHost - Registrando servico: [Gradual.OMS.Persistencia.ServicoPersistencia, Gradual.OMS.Persistencia]
2018-01-17 18:54:21,244 [5] INFO  Gradual.OMS.Library.Servicos.ServicoHost - Ativando servico: Gradual.OMS.Persistencia.ServicoPersistencia, Gradual.OMS.Persistencia
2018-01-17 18:54:21,258 [5] DEBUG Gradual.OMS.Library.Servicos.Servico - Servico.Ativar(): procurando interface nos assemblies:Gradual.OMS.Persistencia.IServicoPersistencia, Gradual.OMS.Persistencia
2018-01-17 18:54:21,258 [5] INFO  Gradual.OMS.Library.Servicos.Servico - Interface Gradual.OMS.Persistencia.IServicoPersistencia, Gradual.OMS.Persistencia nao encontrada direto, usando Type.GetType()
2018-01-17 18:54:21,307 [5] INFO  Gradual.OMS.Library.Servicos.Servico - ***
2018-01-17 18:54:21,307 [5] INFO  Gradual.OMS.Library.Servicos.Servico -    
2018-01-17 18:54:21,307 [5] INFO  Gradual.OMS.Library.Servicos.ServicoHost - Servico Gradual.OMS.Persistencia.ServicoPersistencia, Gradual.OMS.Persistencia é controlavel.
2018-01-17 18:54:21,307 [5] INFO  Gradual.OMS.Library.Servicos.ServicoHost - Registrando servico: [Gradual.OMS.Interface.ServicoInterfacePersistencia, Gradual.OMS.Interface]
2018-01-17 18:54:21,307 [5] INFO  Gradual.OMS.Library.Servicos.ServicoHost - Ativando servico: Gradual.OMS.Interface.ServicoInterfacePersistencia, Gradual.OMS.Interface
2018-01-17 18:54:21,307 [5] DEBUG Gradual.OMS.Library.Servicos.Servico - Servico.Ativar(): procurando interface nos assemblies:Gradual.OMS.Interface.IServicoInterfacePersistencia, Gradual.OMS.Interface
2018-01-17 18:54:21,307 [5] INFO  Gradual.OMS.Library.Servicos.Servico - Interface Gradual.OMS.Interface.IServicoInterfacePersistencia, Gradual.OMS.Interface nao encontrada direto, usando Type.GetType()
2018-01-17 18:54:21,308 [5] ERROR Gradual.OMS.Library.Servicos.Servico - Interface Gradual.OMS.Interface.IServicoInterfacePersistencia, Gradual.OMS.Interface nao encontrada em nenhum dos assemblies.
2018-01-17 18:54:21,308 [5] INFO  Gradual.OMS.Library.Servicos.ServicoHost - Registrando servico: [Gradual.Intranet.Servicos.BancoDeDados.ServicoPersistenciaCadastro, Gradual.Intranet.Servicos.BancoDeDados]
2018-01-17 18:54:21,308 [5] INFO  Gradual.OMS.Library.Servicos.ServicoHost - Ativando servico: Gradual.Intranet.Servicos.BancoDeDados.ServicoPersistenciaCadastro, Gradual.Intranet.Servicos.BancoDeDados
2018-01-17 18:54:21,308 [5] DEBUG Gradual.OMS.Library.Servicos.Servico - Servico.Ativar(): procurando interface nos assemblies:Gradual.Intranet.Contratos.IServicoPersistenciaCadastro, Gradual.Intranet.Contratos
2018-01-17 18:54:21,308 [5] INFO  Gradual.OMS.Library.Servicos.Servico - Interface Gradual.Intranet.Contratos.IServicoPersistenciaCadastro, Gradual.Intranet.Contratos nao encontrada direto, usando Type.GetType()
2018-01-17 18:54:21,308 [5] INFO  Gradual.OMS.Library.Servicos.Servico - ***
2018-01-17 18:54:21,308 [5] INFO  Gradual.OMS.Library.Servicos.Servico -    
2018-01-17 18:54:21,309 [5] INFO  Gradual.OMS.Library.Servicos.ServicoHost - Registrando servico: [Gradual.OMS.Interface.ServicoInterface, Gradual.OMS.Interface]
2018-01-17 18:54:21,309 [5] INFO  Gradual.OMS.Library.Servicos.ServicoHost - Ativando servico: Gradual.OMS.Interface.ServicoInterface, Gradual.OMS.Interface
2018-01-17 18:54:21,309 [5] DEBUG Gradual.OMS.Library.Servicos.Servico - Servico.Ativar(): procurando interface nos assemblies:Gradual.OMS.Interface.IServicoInterface, Gradual.OMS.Interface
2018-01-17 18:54:21,309 [5] INFO  Gradual.OMS.Library.Servicos.Servico - Interface Gradual.OMS.Interface.IServicoInterface, Gradual.OMS.Interface nao encontrada direto, usando Type.GetType()
2018-01-17 18:54:21,309 [5] ERROR Gradual.OMS.Library.Servicos.Servico - Interface Gradual.OMS.Interface.IServicoInterface, Gradual.OMS.Interface nao encontrada em nenhum dos assemblies.
2018-01-17 18:54:21,309 [5] INFO  Gradual.OMS.Library.Servicos.ServicoHost - Registrando servico: [Gradual.OMS.Risco.Regra.ServicoRegrasRisco, Gradual.OMS.Risco.Regra]
2018-01-17 18:54:21,309 [5] INFO  Gradual.OMS.Library.Servicos.ServicoHost - Ativando servico: Gradual.OMS.Risco.Regra.ServicoRegrasRisco, Gradual.OMS.Risco.Regra
2018-01-17 18:54:21,309 [5] DEBUG Gradual.OMS.Library.Servicos.Servico - Servico.Ativar(): procurando interface nos assemblies:Gradual.OMS.Risco.Regra.Lib.IServicoRegrasRisco, Gradual.OMS.Risco.Regra.Lib
2018-01-17 18:54:21,309 [5] INFO  Gradual.OMS.Library.Servicos.Servico - Interface Gradual.OMS.Risco.Regra.Lib.IServicoRegrasRisco, Gradual.OMS.Risco.Regra.Lib nao encontrada direto, usando Type.GetType()
2018-01-17 18:55:15,992 [5] ERROR Gradual.OMS.Library.Servicos.Servico - Erro em Servico.Ativar(): 
System.Reflection.TargetInvocationException: Uma exceção foi acionada pelo destino de uma chamada. ---> System.Reflection.TargetInvocationException: Uma exceção foi acionada pelo destino de uma chamada. ---> System.IO.FileLoadException: Não foi possível carregar arquivo ou assembly 'log4net, Version=1.2.10.0, Culture=neutral, PublicKeyToken=1b44e1d426115821' ou uma de suas dependências. A definição do manifesto do assembly localizado não corresponde à referência do assembly. (Exceção de HRESULT: 0x80131040)
   em Gradual.OMS.Risco.Regra.Persistencia.Entidades.ParametroRiscoDbLib..ctor()
   --- Fim do rastreamento de pilha de exceções internas ---
   em System.RuntimeTypeHandle.CreateInstance(RuntimeType type, Boolean publicOnly, Boolean noCheck, Boolean& canBeCached, RuntimeMethodHandleInternal& ctor, Boolean& bNeedSecurityCheck)
   em System.RuntimeType.CreateInstanceSlow(Boolean publicOnly, Boolean skipCheckThis, Boolean fillCache, StackCrawlMark& stackMark)
   em System.RuntimeType.CreateInstanceDefaultCtor(Boolean publicOnly, Boolean skipCheckThis, Boolean fillCache, StackCrawlMark& stackMark)
   em System.Activator.CreateInstance(Type type, Boolean nonPublic)
   em System.Activator.CreateInstance(Type type)
   em Gradual.OMS.Risco.Regra.Persistencia.PersistenciaRegraDB..ctor() na C:\aponso\desenv\Gradual.OMS-II\Gradual.OMS.Risco.Regra\Gradual.OMS.Risco.Regra\Persistencia\PersistenciaRegraDB.cs:linha 50
   em Gradual.OMS.Risco.Regra.ServicoRegrasRisco..ctor() na C:\aponso\desenv\Gradual.OMS-II\Gradual.OMS.Risco.Regra\Gradual.OMS.Risco.Regra\ServicoRegrasRisco.cs:linha 20
   --- Fim do rastreamento de pilha de exceções internas ---
   em System.RuntimeTypeHandle.CreateInstance(RuntimeType type, Boolean publicOnly, Boolean noCheck, Boolean& canBeCached, RuntimeMethodHandleInternal& ctor, Boolean& bNeedSecurityCheck)
   em System.RuntimeType.CreateInstanceSlow(Boolean publicOnly, Boolean skipCheckThis, Boolean fillCache, StackCrawlMark& stackMark)
   em System.RuntimeType.CreateInstanceDefaultCtor(Boolean publicOnly, Boolean skipCheckThis, Boolean fillCache, StackCrawlMark& stackMark)
   em System.Activator.CreateInstance(Type type, Boolean nonPublic)
   em System.Activator.CreateInstance(Type type)
   em Gradual.OMS.Library.Servicos.Servico.Ativar() na D:\Gradual\Source\Gradual.OMS-II\Gradual.OMS.Core\Gradual.OMS.Library\Servicos\Servico.cs:linha 105
2018-01-17 18:55:15,998 [5] ERROR Gradual.OMS.Library.Servicos.ServicoHost - Erro em RegistrarServico(System.Collections.Generic.List`1[System.String]): 
System.Reflection.TargetInvocationException: Uma exceção foi acionada pelo destino de uma chamada. ---> System.Reflection.TargetInvocationException: Uma exceção foi acionada pelo destino de uma chamada. ---> System.IO.FileLoadException: Não foi possível carregar arquivo ou assembly 'log4net, Version=1.2.10.0, Culture=neutral, PublicKeyToken=1b44e1d426115821' ou uma de suas dependências. A definição do manifesto do assembly localizado não corresponde à referência do assembly. (Exceção de HRESULT: 0x80131040)
   em Gradual.OMS.Risco.Regra.Persistencia.Entidades.ParametroRiscoDbLib..ctor()
   --- Fim do rastreamento de pilha de exceções internas ---
   em System.RuntimeTypeHandle.CreateInstance(RuntimeType type, Boolean publicOnly, Boolean noCheck, Boolean& canBeCached, RuntimeMethodHandleInternal& ctor, Boolean& bNeedSecurityCheck)
   em System.RuntimeType.CreateInstanceSlow(Boolean publicOnly, Boolean skipCheckThis, Boolean fillCache, StackCrawlMark& stackMark)
   em System.RuntimeType.CreateInstanceDefaultCtor(Boolean publicOnly, Boolean skipCheckThis, Boolean fillCache, StackCrawlMark& stackMark)
   em System.Activator.CreateInstance(Type type, Boolean nonPublic)
   em System.Activator.CreateInstance(Type type)
   em Gradual.OMS.Risco.Regra.Persistencia.PersistenciaRegraDB..ctor() na C:\aponso\desenv\Gradual.OMS-II\Gradual.OMS.Risco.Regra\Gradual.OMS.Risco.Regra\Persistencia\PersistenciaRegraDB.cs:linha 50
   em Gradual.OMS.Risco.Regra.ServicoRegrasRisco..ctor() na C:\aponso\desenv\Gradual.OMS-II\Gradual.OMS.Risco.Regra\Gradual.OMS.Risco.Regra\ServicoRegrasRisco.cs:linha 20
   --- Fim do rastreamento de pilha de exceções internas ---
   em Gradual.OMS.Library.Servicos.Servico.Ativar() na D:\Gradual\Source\Gradual.OMS-II\Gradual.OMS.Core\Gradual.OMS.Library\Servicos\Servico.cs:linha 377
   em Gradual.OMS.Library.Servicos.ServicoHost.RegistrarServico(ServicoInfo servicoInfo, Object instancia) na D:\Gradual\Source\Gradual.OMS-II\Gradual.OMS.Core\Gradual.OMS.Library\Servicos\ServicoHost.cs:linha 139
2018-01-17 18:55:15,998 [5] ERROR Gradual.OMS.Library.Servicos.ServicoHost - Erro em RegistrarServico(System.Collections.Generic.List`1[System.String]): 
System.Reflection.TargetInvocationException: Uma exceção foi acionada pelo destino de uma chamada. ---> System.Reflection.TargetInvocationException: Uma exceção foi acionada pelo destino de uma chamada. ---> System.IO.FileLoadException: Não foi possível carregar arquivo ou assembly 'log4net, Version=1.2.10.0, Culture=neutral, PublicKeyToken=1b44e1d426115821' ou uma de suas dependências. A definição do manifesto do assembly localizado não corresponde à referência do assembly. (Exceção de HRESULT: 0x80131040)
   em Gradual.OMS.Risco.Regra.Persistencia.Entidades.ParametroRiscoDbLib..ctor()
   --- Fim do rastreamento de pilha de exceções internas ---
   em System.RuntimeTypeHandle.CreateInstance(RuntimeType type, Boolean publicOnly, Boolean noCheck, Boolean& canBeCached, RuntimeMethodHandleInternal& ctor, Boolean& bNeedSecurityCheck)
   em System.RuntimeType.CreateInstanceSlow(Boolean publicOnly, Boolean skipCheckThis, Boolean fillCache, StackCrawlMark& stackMark)
   em System.RuntimeType.CreateInstanceDefaultCtor(Boolean publicOnly, Boolean skipCheckThis, Boolean fillCache, StackCrawlMark& stackMark)
   em System.Activator.CreateInstance(Type type, Boolean nonPublic)
   em System.Activator.CreateInstance(Type type)
   em Gradual.OMS.Risco.Regra.Persistencia.PersistenciaRegraDB..ctor() na C:\aponso\desenv\Gradual.OMS-II\Gradual.OMS.Risco.Regra\Gradual.OMS.Risco.Regra\Persistencia\PersistenciaRegraDB.cs:linha 50
   em Gradual.OMS.Risco.Regra.ServicoRegrasRisco..ctor() na C:\aponso\desenv\Gradual.OMS-II\Gradual.OMS.Risco.Regra\Gradual.OMS.Risco.Regra\ServicoRegrasRisco.cs:linha 20
   --- Fim do rastreamento de pilha de exceções internas ---
   em Gradual.OMS.Library.Servicos.ServicoHost.RegistrarServico(ServicoInfo servicoInfo, Object instancia) na D:\Gradual\Source\Gradual.OMS-II\Gradual.OMS.Core\Gradual.OMS.Library\Servicos\ServicoHost.cs:linha 156
   em Gradual.OMS.Library.Servicos.ServicoHost.RegistrarServico(ServicoInfo servicoInfo) na D:\Gradual\Source\Gradual.OMS-II\Gradual.OMS.Core\Gradual.OMS.Library\Servicos\ServicoHost.cs:linha 88
2018-01-17 18:55:15,998 [5] ERROR Gradual.OMS.Library.Servicos.ServicoHost - Erro em CarregarConfig(): 
System.Reflection.TargetInvocationException: Uma exceção foi acionada pelo destino de uma chamada. ---> System.Reflection.TargetInvocationException: Uma exceção foi acionada pelo destino de uma chamada. ---> System.IO.FileLoadException: Não foi possível carregar arquivo ou assembly 'log4net, Version=1.2.10.0, Culture=neutral, PublicKeyToken=1b44e1d426115821' ou uma de suas dependências. A definição do manifesto do assembly localizado não corresponde à referência do assembly. (Exceção de HRESULT: 0x80131040)
   em Gradual.OMS.Risco.Regra.Persistencia.Entidades.ParametroRiscoDbLib..ctor()
   --- Fim do rastreamento de pilha de exceções internas ---
   em System.RuntimeTypeHandle.CreateInstance(RuntimeType type, Boolean publicOnly, Boolean noCheck, Boolean& canBeCached, RuntimeMethodHandleInternal& ctor, Boolean& bNeedSecurityCheck)
   em System.RuntimeType.CreateInstanceSlow(Boolean publicOnly, Boolean skipCheckThis, Boolean fillCache, StackCrawlMark& stackMark)
   em System.RuntimeType.CreateInstanceDefaultCtor(Boolean publicOnly, Boolean skipCheckThis, Boolean fillCache, StackCrawlMark& stackMark)
   em System.Activator.CreateInstance(Type type, Boolean nonPublic)
   em System.Activator.CreateInstance(Type type)
   em Gradual.OMS.Risco.Regra.Persistencia.PersistenciaRegraDB..ctor() na C:\aponso\desenv\Gradual.OMS-II\Gradual.OMS.Risco.Regra\Gradual.OMS.Risco.Regra\Persistencia\PersistenciaRegraDB.cs:linha 50
   em Gradual.OMS.Risco.Regra.ServicoRegrasRisco..ctor() na C:\aponso\desenv\Gradual.OMS-II\Gradual.OMS.Risco.Regra\Gradual.OMS.Risco.Regra\ServicoRegrasRisco.cs:linha 20
   --- Fim do rastreamento de pilha de exceções internas ---
   em Gradual.OMS.Library.Servicos.ServicoHost.RegistrarServico(ServicoInfo servicoInfo) na D:\Gradual\Source\Gradual.OMS-II\Gradual.OMS.Core\Gradual.OMS.Library\Servicos\ServicoHost.cs:linha 93
   em Gradual.OMS.Library.Servicos.ServicoHost.CarregarConfig(String id) na D:\Gradual\Source\Gradual.OMS-II\Gradual.OMS.Core\Gradual.OMS.Library\Servicos\ServicoHost.cs:linha 262
